

Started GET "/assets/rails.png" for 127.0.0.1 at 2013-03-08 13:11:41 -0800
Connecting to database specified by database.yml
Served asset /rails.png - 200 OK (4ms)


Started GET "/" for 127.0.0.1 at 2013-03-08 13:22:40 -0800
Connecting to database specified by database.yml
Processing by GigsController#index as HTML
  Rendered gigs/index.html.erb within layouts/application (17.4ms)
Compiled gigs.css  (21ms)  (pid 7505)
Compiled application.css  (28ms)  (pid 7505)
Compiled jquery.js  (2ms)  (pid 7505)
Compiled jquery_ujs.js  (0ms)  (pid 7505)
Compiled gigs.js  (147ms)  (pid 7505)
Compiled application.js  (169ms)  (pid 7505)
Completed 200 OK in 277ms (Views: 276.3ms | ActiveRecord: 0.0ms)


Started GET "/assets/application.css?body=1" for 127.0.0.1 at 2013-03-08 13:22:41 -0800
Served asset /application.css - 200 OK (24ms)


Started GET "/assets/jquery_ujs.js?body=1" for 127.0.0.1 at 2013-03-08 13:22:41 -0800
Served asset /jquery_ujs.js - 200 OK (8ms)


Started GET "/assets/jquery.js?body=1" for 127.0.0.1 at 2013-03-08 13:22:41 -0800
Served asset /jquery.js - 200 OK (6ms)


Started GET "/assets/gigs.css?body=1" for 127.0.0.1 at 2013-03-08 13:22:41 -0800
Served asset /gigs.css - 200 OK (1ms)


Started GET "/assets/application.js?body=1" for 127.0.0.1 at 2013-03-08 13:22:41 -0800
Served asset /application.js - 200 OK (5ms)


Started GET "/assets/gigs.js?body=1" for 127.0.0.1 at 2013-03-08 13:22:41 -0800
Served asset /gigs.js - 200 OK (1ms)
Connecting to database specified by database.yml
Connecting to database specified by database.yml
  [1m[36m (0.1ms)[0m  [1mselect sqlite_version(*)[0m
  [1m[35m (194.0ms)[0m  CREATE TABLE "schema_migrations" ("version" varchar(255) NOT NULL) 
  [1m[36m (178.6ms)[0m  [1mCREATE UNIQUE INDEX "unique_schema_migrations" ON "schema_migrations" ("version")[0m
  [1m[35m (3.9ms)[0m  SELECT "schema_migrations"."version" FROM "schema_migrations" 
Migrating to CreateGigs (20130308220619)
  [1m[36m (0.0ms)[0m  [1mbegin transaction[0m
  [1m[35m (0.4ms)[0m  CREATE TABLE "gigs" ("id" INTEGER PRIMARY KEY AUTOINCREMENT NOT NULL, "title" varchar(255), "month" integer, "day" integer, "year" integer, "venue" varchar(255), "city" varchar(255), "address" varchar(255), "zip" integer, "total_budget" float, "created_at" datetime NOT NULL, "updated_at" datetime NOT NULL) 
  [1m[36m (0.1ms)[0m  [1mINSERT INTO "schema_migrations" ("version") VALUES ('20130308220619')[0m
  [1m[35m (246.1ms)[0m  commit transaction
  [1m[36m (0.3ms)[0m  [1mSELECT "schema_migrations"."version" FROM "schema_migrations" [0m
Connecting to database specified by database.yml
  [1m[36m (1.5ms)[0m  [1mSELECT "schema_migrations"."version" FROM "schema_migrations" [0m
  [1m[35m (0.2ms)[0m  select sqlite_version(*)
  [1m[36m (196.7ms)[0m  [1mCREATE TABLE "gigs" ("id" INTEGER PRIMARY KEY AUTOINCREMENT NOT NULL, "title" varchar(255), "month" integer, "day" integer, "year" integer, "venue" varchar(255), "city" varchar(255), "address" varchar(255), "zip" integer, "total_budget" float, "created_at" datetime NOT NULL, "updated_at" datetime NOT NULL) [0m
  [1m[35m (199.8ms)[0m  CREATE TABLE "schema_migrations" ("version" varchar(255) NOT NULL) 
  [1m[36m (190.0ms)[0m  [1mCREATE UNIQUE INDEX "unique_schema_migrations" ON "schema_migrations" ("version")[0m
  [1m[35m (0.2ms)[0m  SELECT version FROM "schema_migrations"
  [1m[36m (199.1ms)[0m  [1mINSERT INTO "schema_migrations" (version) VALUES ('20130308220619')[0m


Started GET "/" for 127.0.0.1 at 2013-03-08 14:41:57 -0800
Processing by GigsController#index as HTML
  Rendered gigs/index.html.erb within layouts/application (0.8ms)
Completed 200 OK in 24ms (Views: 23.1ms | ActiveRecord: 0.0ms)


Started GET "/assets/application.css?body=1" for 127.0.0.1 at 2013-03-08 14:41:57 -0800
Served asset /application.css - 304 Not Modified (0ms)


Started GET "/assets/gigs.css?body=1" for 127.0.0.1 at 2013-03-08 14:41:57 -0800
Served asset /gigs.css - 304 Not Modified (0ms)


Started GET "/assets/jquery.js?body=1" for 127.0.0.1 at 2013-03-08 14:41:57 -0800
Served asset /jquery.js - 304 Not Modified (1ms)


Started GET "/assets/gigs.js?body=1" for 127.0.0.1 at 2013-03-08 14:41:57 -0800
Served asset /gigs.js - 304 Not Modified (0ms)


Started GET "/assets/jquery_ujs.js?body=1" for 127.0.0.1 at 2013-03-08 14:41:57 -0800
Served asset /jquery_ujs.js - 304 Not Modified (0ms)


Started GET "/assets/application.js?body=1" for 127.0.0.1 at 2013-03-08 14:41:57 -0800
Served asset /application.js - 304 Not Modified (1ms)


Started GET "/gigs/new" for 127.0.0.1 at 2013-03-08 14:42:01 -0800
Processing by GigsController#new as HTML
  Rendered gigs/new.html.erb within layouts/application (47.3ms)
Completed 500 Internal Server Error in 106ms

ActionView::Template::Error (undefined method `sumbit' for #<ActionView::Helpers::FormBuilder:0xb5d29924>):
    46: 	<%= f.text_field :total_budget %>
    47: </p>
    48: 
    49: <%= f.sumbit %>
    50: 
    51: <% end %>
  app/views/gigs/new.html.erb:49:in `block in _app_views_gigs_new_html_erb___258374697__618348528'
  app/views/gigs/new.html.erb:1:in `_app_views_gigs_new_html_erb___258374697__618348528'


  Rendered /home/calico/.rvm/gems/ruby-1.9.3-p374/gems/actionpack-3.2.11/lib/action_dispatch/middleware/templates/rescues/_trace.erb (1.5ms)
  Rendered /home/calico/.rvm/gems/ruby-1.9.3-p374/gems/actionpack-3.2.11/lib/action_dispatch/middleware/templates/rescues/_request_and_response.erb (2.4ms)
  Rendered /home/calico/.rvm/gems/ruby-1.9.3-p374/gems/actionpack-3.2.11/lib/action_dispatch/middleware/templates/rescues/template_error.erb within rescues/layout (12.2ms)


Started GET "/gigs/new" for 127.0.0.1 at 2013-03-08 14:42:21 -0800
Processing by GigsController#new as HTML
  Rendered gigs/new.html.erb within layouts/application (6.0ms)
Completed 200 OK in 12ms (Views: 11.3ms | ActiveRecord: 0.0ms)


Started GET "/assets/application.css?body=1" for 127.0.0.1 at 2013-03-08 14:42:21 -0800
Served asset /application.css - 304 Not Modified (0ms)


Started GET "/assets/gigs.css?body=1" for 127.0.0.1 at 2013-03-08 14:42:21 -0800
Served asset /gigs.css - 304 Not Modified (0ms)


Started GET "/assets/application.js?body=1" for 127.0.0.1 at 2013-03-08 14:42:21 -0800
Served asset /application.js - 304 Not Modified (1ms)


Started GET "/assets/jquery_ujs.js?body=1" for 127.0.0.1 at 2013-03-08 14:42:21 -0800
Served asset /jquery_ujs.js - 304 Not Modified (0ms)


Started GET "/assets/jquery.js?body=1" for 127.0.0.1 at 2013-03-08 14:42:21 -0800
Served asset /jquery.js - 304 Not Modified (1ms)


Started GET "/assets/gigs.js?body=1" for 127.0.0.1 at 2013-03-08 14:42:21 -0800
Served asset /gigs.js - 304 Not Modified (0ms)
